[0.835s] Invoking command in '/home/user/turtlesim_ws/src/turtle_controller': PYTHONPATH=/home/user/turtlesim_ws/build/turtle_controller/prefix_override:/home/user/turtlesim_ws/install/turtle_controller/lib/python3.10/site-packages:${PYTHONPATH} _=/usr/bin/env /usr/bin/python3 -W ignore:setup.py install is deprecated setup.py egg_info --egg-base ../../build/turtle_controller build --build-base /home/user/turtlesim_ws/build/turtle_controller/build install --record /home/user/turtlesim_ws/build/turtle_controller/install.log --single-version-externally-managed install_data
[1.149s] running egg_info
[1.149s] writing ../../build/turtle_controller/turtle_controller.egg-info/PKG-INFO
[1.150s] writing dependency_links to ../../build/turtle_controller/turtle_controller.egg-info/dependency_links.txt
[1.150s] writing entry points to ../../build/turtle_controller/turtle_controller.egg-info/entry_points.txt
[1.150s] writing requirements to ../../build/turtle_controller/turtle_controller.egg-info/requires.txt
[1.150s] writing top-level names to ../../build/turtle_controller/turtle_controller.egg-info/top_level.txt
[1.152s] reading manifest file '../../build/turtle_controller/turtle_controller.egg-info/SOURCES.txt'
[1.153s] writing manifest file '../../build/turtle_controller/turtle_controller.egg-info/SOURCES.txt'
[1.153s] running build
[1.153s] running build_py
[1.153s] copying turtle_controller/turtle_move.py -> /home/user/turtlesim_ws/build/turtle_controller/build/lib/turtle_controller
[1.153s] running install
[1.154s] running install_lib
[1.154s] copying /home/user/turtlesim_ws/build/turtle_controller/build/lib/turtle_controller/turtle_move.py -> /home/user/turtlesim_ws/install/turtle_controller/lib/python3.10/site-packages/turtle_controller
[1.155s] byte-compiling /home/user/turtlesim_ws/install/turtle_controller/lib/python3.10/site-packages/turtle_controller/turtle_move.py to turtle_move.cpython-310.pyc
[1.156s] running install_data
[1.156s] running install_egg_info
[1.159s] removing '/home/user/turtlesim_ws/install/turtle_controller/lib/python3.10/site-packages/turtle_controller-0.0.0-py3.10.egg-info' (and everything under it)
[1.160s] Copying ../../build/turtle_controller/turtle_controller.egg-info to /home/user/turtlesim_ws/install/turtle_controller/lib/python3.10/site-packages/turtle_controller-0.0.0-py3.10.egg-info
[1.161s] running install_scripts
[1.187s] Installing turtle_move script to /home/user/turtlesim_ws/install/turtle_controller/lib/turtle_controller
[1.187s] writing list of installed files to '/home/user/turtlesim_ws/build/turtle_controller/install.log'
[1.214s] Invoked command in '/home/user/turtlesim_ws/src/turtle_controller' returned '0': PYTHONPATH=/home/user/turtlesim_ws/build/turtle_controller/prefix_override:/home/user/turtlesim_ws/install/turtle_controller/lib/python3.10/site-packages:${PYTHONPATH} _=/usr/bin/env /usr/bin/python3 -W ignore:setup.py install is deprecated setup.py egg_info --egg-base ../../build/turtle_controller build --build-base /home/user/turtlesim_ws/build/turtle_controller/build install --record /home/user/turtlesim_ws/build/turtle_controller/install.log --single-version-externally-managed install_data
