[1.046s] Invoking command in '/home/user/turtlesim_ws/src/turtle_controller': PYTHONPATH=/home/user/turtlesim_ws/build/turtle_controller/prefix_override:/home/user/turtlesim_ws/install/turtle_controller/lib/python3.10/site-packages:${PYTHONPATH} _=/usr/bin/env /usr/bin/python3 -W ignore:setup.py install is deprecated setup.py egg_info --egg-base ../../build/turtle_controller build --build-base /home/user/turtlesim_ws/build/turtle_controller/build install --record /home/user/turtlesim_ws/build/turtle_controller/install.log --single-version-externally-managed install_data
[1.431s] running egg_info
[1.432s] writing ../../build/turtle_controller/turtle_controller.egg-info/PKG-INFO
[1.432s] writing dependency_links to ../../build/turtle_controller/turtle_controller.egg-info/dependency_links.txt
[1.432s] writing entry points to ../../build/turtle_controller/turtle_controller.egg-info/entry_points.txt
[1.433s] writing requirements to ../../build/turtle_controller/turtle_controller.egg-info/requires.txt
[1.433s] writing top-level names to ../../build/turtle_controller/turtle_controller.egg-info/top_level.txt
[1.434s] reading manifest file '../../build/turtle_controller/turtle_controller.egg-info/SOURCES.txt'
[1.435s] writing manifest file '../../build/turtle_controller/turtle_controller.egg-info/SOURCES.txt'
[1.435s] running build
[1.435s] running build_py
[1.435s] copying turtle_controller/turtle_move.py -> /home/user/turtlesim_ws/build/turtle_controller/build/lib/turtle_controller
[1.435s] running install
[1.436s] running install_lib
[1.436s] copying /home/user/turtlesim_ws/build/turtle_controller/build/lib/turtle_controller/turtle_move.py -> /home/user/turtlesim_ws/install/turtle_controller/lib/python3.10/site-packages/turtle_controller
[1.437s] byte-compiling /home/user/turtlesim_ws/install/turtle_controller/lib/python3.10/site-packages/turtle_controller/turtle_move.py to turtle_move.cpython-310.pyc
[1.438s] running install_data
[1.439s] running install_egg_info
[1.443s] removing '/home/user/turtlesim_ws/install/turtle_controller/lib/python3.10/site-packages/turtle_controller-0.0.0-py3.10.egg-info' (and everything under it)
[1.443s] Copying ../../build/turtle_controller/turtle_controller.egg-info to /home/user/turtlesim_ws/install/turtle_controller/lib/python3.10/site-packages/turtle_controller-0.0.0-py3.10.egg-info
[1.444s] running install_scripts
[1.473s] Installing turtle_move script to /home/user/turtlesim_ws/install/turtle_controller/lib/turtle_controller
[1.477s] writing list of installed files to '/home/user/turtlesim_ws/build/turtle_controller/install.log'
[1.503s] Invoked command in '/home/user/turtlesim_ws/src/turtle_controller' returned '0': PYTHONPATH=/home/user/turtlesim_ws/build/turtle_controller/prefix_override:/home/user/turtlesim_ws/install/turtle_controller/lib/python3.10/site-packages:${PYTHONPATH} _=/usr/bin/env /usr/bin/python3 -W ignore:setup.py install is deprecated setup.py egg_info --egg-base ../../build/turtle_controller build --build-base /home/user/turtlesim_ws/build/turtle_controller/build install --record /home/user/turtlesim_ws/build/turtle_controller/install.log --single-version-externally-managed install_data
