[0.925s] Invoking command in '/home/user/turtlesim_ws/src/turtle_controller': PYTHONPATH=/home/user/turtlesim_ws/build/turtle_controller/prefix_override:/home/user/turtlesim_ws/install/turtle_controller/lib/python3.10/site-packages:${PYTHONPATH} _=/usr/bin/env /usr/bin/python3 -W ignore:setup.py install is deprecated setup.py egg_info --egg-base ../../build/turtle_controller build --build-base /home/user/turtlesim_ws/build/turtle_controller/build install --record /home/user/turtlesim_ws/build/turtle_controller/install.log --single-version-externally-managed install_data
[1.289s] running egg_info
[1.290s] writing ../../build/turtle_controller/turtle_controller.egg-info/PKG-INFO
[1.291s] writing dependency_links to ../../build/turtle_controller/turtle_controller.egg-info/dependency_links.txt
[1.291s] writing entry points to ../../build/turtle_controller/turtle_controller.egg-info/entry_points.txt
[1.292s] writing requirements to ../../build/turtle_controller/turtle_controller.egg-info/requires.txt
[1.292s] writing top-level names to ../../build/turtle_controller/turtle_controller.egg-info/top_level.txt
[1.294s] reading manifest file '../../build/turtle_controller/turtle_controller.egg-info/SOURCES.txt'
[1.295s] writing manifest file '../../build/turtle_controller/turtle_controller.egg-info/SOURCES.txt'
[1.295s] running build
[1.296s] running build_py
[1.296s] running install
[1.296s] running install_lib
[1.298s] running install_data
[1.298s] running install_egg_info
[1.302s] removing '/home/user/turtlesim_ws/install/turtle_controller/lib/python3.10/site-packages/turtle_controller-0.0.0-py3.10.egg-info' (and everything under it)
[1.302s] Copying ../../build/turtle_controller/turtle_controller.egg-info to /home/user/turtlesim_ws/install/turtle_controller/lib/python3.10/site-packages/turtle_controller-0.0.0-py3.10.egg-info
[1.303s] running install_scripts
[1.328s] Installing turtle_move script to /home/user/turtlesim_ws/install/turtle_controller/lib/turtle_controller
[1.329s] writing list of installed files to '/home/user/turtlesim_ws/build/turtle_controller/install.log'
[1.355s] Invoked command in '/home/user/turtlesim_ws/src/turtle_controller' returned '0': PYTHONPATH=/home/user/turtlesim_ws/build/turtle_controller/prefix_override:/home/user/turtlesim_ws/install/turtle_controller/lib/python3.10/site-packages:${PYTHONPATH} _=/usr/bin/env /usr/bin/python3 -W ignore:setup.py install is deprecated setup.py egg_info --egg-base ../../build/turtle_controller build --build-base /home/user/turtlesim_ws/build/turtle_controller/build install --record /home/user/turtlesim_ws/build/turtle_controller/install.log --single-version-externally-managed install_data
